  Graphics.cpp
D:\Desktop\Snake\Graphics.cpp(121,23): warning C4244: 'initializing': conversion from 'UINT' to 'float', possible loss of data
D:\Desktop\Snake\Graphics.cpp(326,88): warning C4838: conversion from 'int' to 'FLOAT' requires a narrowing conversion
D:\Desktop\Snake\Graphics.cpp(326,88): warning C4244: 'initializing': conversion from 'int' to 'FLOAT', possible loss of data
D:\Desktop\Snake\Graphics.cpp(327,81): warning C4838: conversion from '_Ty2' to 'FLOAT' requires a narrowing conversion
          with
          [
              _Ty2=int
          ]
D:\Desktop\Snake\Graphics.cpp(327,81): warning C4244: 'initializing': conversion from '_Ty2' to 'FLOAT', possible loss of data
          with
          [
              _Ty2=int
          ]
D:\Desktop\Snake\Graphics.cpp(328,88): warning C4838: conversion from 'int' to 'FLOAT' requires a narrowing conversion
D:\Desktop\Snake\Graphics.cpp(328,88): warning C4244: 'initializing': conversion from 'int' to 'FLOAT', possible loss of data
D:\Desktop\Snake\Graphics.cpp(329,89): warning C4838: conversion from 'int' to 'FLOAT' requires a narrowing conversion
D:\Desktop\Snake\Graphics.cpp(329,89): warning C4244: 'initializing': conversion from 'int' to 'FLOAT', possible loss of data
D:\Desktop\Snake\Graphics.cpp(334,59): warning C4838: conversion from 'int' to 'FLOAT' requires a narrowing conversion
D:\Desktop\Snake\Graphics.cpp(334,59): warning C4244: 'initializing': conversion from 'int' to 'FLOAT', possible loss of data
D:\Desktop\Snake\Graphics.cpp(335,52): warning C4838: conversion from '_Ty2' to 'FLOAT' requires a narrowing conversion
          with
          [
              _Ty2=int
          ]
D:\Desktop\Snake\Graphics.cpp(335,52): warning C4244: 'initializing': conversion from '_Ty2' to 'FLOAT', possible loss of data
          with
          [
              _Ty2=int
          ]
D:\Desktop\Snake\Graphics.cpp(336,59): warning C4838: conversion from 'int' to 'FLOAT' requires a narrowing conversion
D:\Desktop\Snake\Graphics.cpp(336,59): warning C4244: 'initializing': conversion from 'int' to 'FLOAT', possible loss of data
D:\Desktop\Snake\Graphics.cpp(337,60): warning C4838: conversion from 'int' to 'FLOAT' requires a narrowing conversion
D:\Desktop\Snake\Graphics.cpp(337,60): warning C4244: 'initializing': conversion from 'int' to 'FLOAT', possible loss of data
D:\Desktop\Snake\Graphics.cpp(343,59): warning C4838: conversion from 'int' to 'FLOAT' requires a narrowing conversion
D:\Desktop\Snake\Graphics.cpp(343,59): warning C4244: 'initializing': conversion from 'int' to 'FLOAT', possible loss of data
D:\Desktop\Snake\Graphics.cpp(344,52): warning C4838: conversion from '_Ty2' to 'FLOAT' requires a narrowing conversion
          with
          [
              _Ty2=int
          ]
D:\Desktop\Snake\Graphics.cpp(344,52): warning C4244: 'initializing': conversion from '_Ty2' to 'FLOAT', possible loss of data
          with
          [
              _Ty2=int
          ]
D:\Desktop\Snake\Graphics.cpp(345,59): warning C4838: conversion from 'int' to 'FLOAT' requires a narrowing conversion
D:\Desktop\Snake\Graphics.cpp(345,59): warning C4244: 'initializing': conversion from 'int' to 'FLOAT', possible loss of data
D:\Desktop\Snake\Graphics.cpp(346,60): warning C4838: conversion from 'int' to 'FLOAT' requires a narrowing conversion
D:\Desktop\Snake\Graphics.cpp(346,60): warning C4244: 'initializing': conversion from 'int' to 'FLOAT', possible loss of data
D:\Desktop\Snake\Graphics.cpp(360,94): warning C4244: 'argument': conversion from '_Ty2' to 'FLOAT', possible loss of data
          with
          [
              _Ty2=int
          ]
D:\Desktop\Snake\Graphics.cpp(360,59): warning C4244: 'argument': conversion from '_Ty1' to 'FLOAT', possible loss of data
          with
          [
              _Ty1=int
          ]
C:\Program Files\Microsoft Visual Studio\2022\Professional\VC\Tools\MSVC\14.31.31103\include\utility(316,39): warning C4244: '=': conversion from '_Ty' to '_Ty1', possible loss of data
          with
          [
              _Ty=FLOAT
          ]
          and
          [
              _Ty1=int
          ]
D:\Desktop\Snake\Graphics.cpp(375): message : see reference to function template instantiation 'std::pair<int,int> &std::pair<int,int>::operator =<float,float,0>(std::pair<float,float> &&) noexcept' being compiled
D:\Desktop\Snake\Graphics.cpp(375): message : see reference to function template instantiation 'std::pair<int,int> &std::pair<int,int>::operator =<float,float,0>(std::pair<float,float> &&) noexcept' being compiled
C:\Program Files\Microsoft Visual Studio\2022\Professional\VC\Tools\MSVC\14.31.31103\include\utility(317,39): warning C4244: '=': conversion from '_Ty' to '_Ty2', possible loss of data
          with
          [
              _Ty=FLOAT
          ]
          and
          [
              _Ty2=int
          ]
C:\Program Files\Microsoft Visual Studio\2022\Professional\VC\Tools\MSVC\14.31.31103\include\utility(247,16): warning C4244: 'initializing': conversion from '_Ty' to '_Ty1', possible loss of data
          with
          [
              _Ty=FLOAT
          ]
          and
          [
              _Ty1=int
          ]
D:\Desktop\Snake\Graphics.cpp(375): message : see reference to function template instantiation 'std::pair<int,int>::pair<float,float,0>(std::pair<float,float> &&) noexcept' being compiled
D:\Desktop\Snake\Graphics.cpp(381): message : see reference to function template instantiation 'std::pair<int,int>::pair<float,float,0>(std::pair<float,float> &&) noexcept' being compiled
C:\Program Files\Microsoft Visual Studio\2022\Professional\VC\Tools\MSVC\14.31.31103\include\utility(247,61): warning C4244: 'initializing': conversion from '_Ty' to '_Ty2', possible loss of data
          with
          [
              _Ty=FLOAT
          ]
          and
          [
              _Ty2=int
          ]
  Snake.vcxproj -> D:\Desktop\Snake\x64\Debug\Snake.exe
