d:\documents\github\snake\snake\x64\debug\vc143.pdb
d:\documents\github\snake\snake\x64\debug\vc143.idb
d:\documents\github\snake\snake\x64\debug\snake.obj
d:\documents\github\snake\snake\x64\debug\struct.obj
d:\documents\github\snake\x64\debug\snake.pdb
d:\documents\github\snake\snake\x64\debug\snake.tlog\cl.command.1.tlog
d:\documents\github\snake\snake\x64\debug\snake.tlog\cl.read.1.tlog
d:\documents\github\snake\snake\x64\debug\snake.tlog\cl.write.1.tlog
d:\documents\github\snake\snake\x64\debug\snake.tlog\link-cvtres.read.1.tlog
d:\documents\github\snake\snake\x64\debug\snake.tlog\link-cvtres.write.1.tlog
d:\documents\github\snake\snake\x64\debug\snake.tlog\link-rc.read.1.tlog
d:\documents\github\snake\snake\x64\debug\snake.tlog\link-rc.write.1.tlog
d:\documents\github\snake\snake\x64\debug\snake.tlog\link.17856-cvtres.read.1.tlog
d:\documents\github\snake\snake\x64\debug\snake.tlog\link.17856-cvtres.write.1.tlog
d:\documents\github\snake\snake\x64\debug\snake.tlog\link.17856-rc.read.1.tlog
d:\documents\github\snake\snake\x64\debug\snake.tlog\link.17856-rc.write.1.tlog
d:\documents\github\snake\snake\x64\debug\snake.tlog\link.17856.read.1.tlog
d:\documents\github\snake\snake\x64\debug\snake.tlog\link.17856.read.2.tlog
d:\documents\github\snake\snake\x64\debug\snake.tlog\link.17856.write.1.tlog
d:\documents\github\snake\snake\x64\debug\snake.tlog\link.command.1.tlog
d:\documents\github\snake\snake\x64\debug\snake.tlog\link.read.1.tlog
d:\documents\github\snake\snake\x64\debug\snake.tlog\link.read.2.tlog
d:\documents\github\snake\snake\x64\debug\snake.tlog\link.write.1.tlog
